{"level":"info","message":"OPTIONS /signup","timestamp":"2023-12-24T13:01:06.948Z"}
{"level":"info","message":"OPTIONS /signup","timestamp":"2023-12-24T13:02:53.574Z"}
{"level":"info","message":"GET /signup","timestamp":"2023-12-24T13:03:08.285Z"}
{"level":"info","message":"GET /signup","timestamp":"2023-12-24T13:03:13.346Z"}
{"level":"info","message":"GET /signup","timestamp":"2023-12-24T13:04:29.933Z"}
{"level":"info","message":"GET /login","timestamp":"2023-12-24T13:04:33.744Z"}
{"level":"info","message":"GET /api/sets","timestamp":"2023-12-24T13:05:03.310Z"}
{"level":"info","message":"GET /api/sets","timestamp":"2023-12-24T13:22:34.972Z"}
{"level":"info","message":"OPTIONS /signup","timestamp":"2023-12-24T13:22:43.447Z"}
{"level":"info","message":"POST /signup","timestamp":"2023-12-24T13:22:43.495Z"}
{"level":"info","message":"GET /api/sets","timestamp":"2023-12-24T13:22:45.394Z"}
{"level":"info","message":"OPTIONS /login","timestamp":"2023-12-24T13:23:13.977Z"}
{"level":"info","message":"POST /login","timestamp":"2023-12-24T13:23:14.008Z"}
{"level":"info","message":"GET /api/sets","timestamp":"2023-12-24T13:23:14.452Z"}
{"level":"info","message":"GET /api/sets","timestamp":"2023-12-24T13:24:37.541Z"}
{"level":"info","message":"OPTIONS /login","timestamp":"2023-12-24T13:25:12.087Z"}
{"level":"info","message":"POST /login","timestamp":"2023-12-24T13:25:12.099Z"}
{"level":"info","message":"GET /api/sets","timestamp":"2023-12-24T13:25:12.567Z"}
{"level":"info","message":"GET /api/sets","timestamp":"2023-12-24T13:25:57.455Z"}
{"level":"info","message":"OPTIONS /","timestamp":"2023-12-24T13:27:36.916Z"}
{"level":"info","message":"POST /","timestamp":"2023-12-24T13:27:37.058Z"}
{"level":"info","message":"OPTIONS /signup","timestamp":"2023-12-24T14:53:03.378Z"}
{"level":"info","message":"POST /signup","timestamp":"2023-12-24T14:53:03.446Z"}
{"level":"info","message":"GET /api/sets","timestamp":"2023-12-24T14:53:05.980Z"}
{"level":"info","message":"OPTIONS /api/login","timestamp":"2023-12-27T00:25:27.986Z"}
{"level":"info","message":"POST /api/login","timestamp":"2023-12-27T00:25:27.994Z"}
{"level":"info","message":"OPTIONS /api/sets","timestamp":"2023-12-27T00:25:28.481Z"}
{"level":"info","message":"OPTIONS /api","timestamp":"2023-12-27T00:25:28.484Z"}
{"level":"info","message":"GET /api/sets","timestamp":"2023-12-27T00:25:28.486Z"}
{"level":"info","message":"POST /api","timestamp":"2023-12-27T00:25:28.492Z"}
{"level":"info","message":"OPTIONS /api/user","timestamp":"2023-12-27T00:25:54.758Z"}
{"level":"info","message":"GET /api/user","timestamp":"2023-12-27T00:25:54.779Z"}
{"level":"info","message":"OPTIONS /api","timestamp":"2023-12-27T00:25:54.785Z"}
{"level":"info","message":"POST /api","timestamp":"2023-12-27T00:25:54.788Z"}
{"level":"info","message":"POST /api","timestamp":"2023-12-27T00:25:56.898Z"}
{"level":"info","message":"OPTIONS /api/sets","timestamp":"2023-12-27T00:25:56.905Z"}
{"level":"info","message":"GET /api/sets","timestamp":"2023-12-27T00:25:56.913Z"}
{"level":"info","message":"OPTIONS /api/user","timestamp":"2023-12-27T00:39:17.177Z"}
{"level":"info","message":"OPTIONS /api/sets","timestamp":"2023-12-27T00:39:17.183Z"}
{"level":"info","message":"GET /api/user","timestamp":"2023-12-27T00:39:17.186Z"}
{"level":"info","message":"GET /api/sets","timestamp":"2023-12-27T00:39:17.206Z"}
{"level":"info","message":"OPTIONS /api/user","timestamp":"2023-12-27T00:40:25.563Z"}
{"level":"info","message":"OPTIONS /api/sets","timestamp":"2023-12-27T00:40:25.568Z"}
{"level":"info","message":"GET /api/user","timestamp":"2023-12-27T00:40:25.570Z"}
{"level":"info","message":"GET /api/sets","timestamp":"2023-12-27T00:40:25.585Z"}
{"level":"info","message":"OPTIONS /api/user","timestamp":"2023-12-27T00:44:49.487Z"}
{"level":"info","message":"OPTIONS /api/sets","timestamp":"2023-12-27T00:44:49.548Z"}
{"level":"info","message":"GET /api/user","timestamp":"2023-12-27T00:44:49.558Z"}
{"level":"info","message":"GET /api/sets","timestamp":"2023-12-27T00:44:49.715Z"}
{"level":"info","message":"GET /api/user","timestamp":"2023-12-27T00:44:49.834Z"}
{"level":"info","message":"GET /api/sets","timestamp":"2023-12-27T00:44:49.880Z"}
{"level":"info","message":"OPTIONS /api/user","timestamp":"2023-12-27T00:45:34.688Z"}
{"level":"info","message":"OPTIONS /api/sets","timestamp":"2023-12-27T00:45:34.690Z"}
{"level":"info","message":"OPTIONS /api","timestamp":"2023-12-27T00:45:34.690Z"}
{"level":"info","message":"GET /api/user","timestamp":"2023-12-27T00:45:34.691Z"}
{"level":"info","message":"GET /api/sets","timestamp":"2023-12-27T00:45:34.696Z"}
{"level":"info","message":"POST /api","timestamp":"2023-12-27T00:45:34.697Z"}
{"level":"info","message":"OPTIONS /api/user","timestamp":"2023-12-27T00:47:59.036Z"}
{"level":"info","message":"OPTIONS /api/sets","timestamp":"2023-12-27T00:47:59.040Z"}
{"level":"info","message":"GET /api/user","timestamp":"2023-12-27T00:47:59.041Z"}
{"level":"info","message":"GET /api/sets","timestamp":"2023-12-27T00:47:59.062Z"}
{"level":"info","message":"OPTIONS /api/user","timestamp":"2023-12-27T00:48:08.583Z"}
{"level":"info","message":"OPTIONS /api/sets","timestamp":"2023-12-27T00:48:08.634Z"}
{"level":"info","message":"GET /api/user","timestamp":"2023-12-27T00:48:08.635Z"}
{"level":"info","message":"GET /api/sets","timestamp":"2023-12-27T00:48:08.674Z"}
{"level":"info","message":"OPTIONS /api/user","timestamp":"2023-12-27T00:48:33.653Z"}
{"level":"info","message":"OPTIONS /api/sets","timestamp":"2023-12-27T00:48:33.655Z"}
{"level":"info","message":"GET /api/user","timestamp":"2023-12-27T00:48:33.658Z"}
{"level":"info","message":"GET /api/sets","timestamp":"2023-12-27T00:48:33.663Z"}
{"level":"info","message":"OPTIONS /api/user","timestamp":"2023-12-27T00:49:34.510Z"}
{"level":"info","message":"GET /api/user","timestamp":"2023-12-27T00:49:34.534Z"}
{"level":"info","message":"OPTIONS /api/sets","timestamp":"2023-12-27T00:49:34.563Z"}
{"level":"info","message":"GET /api/sets","timestamp":"2023-12-27T00:49:34.566Z"}
{"level":"info","message":"OPTIONS /api/user","timestamp":"2023-12-27T00:51:45.632Z"}
{"level":"info","message":"OPTIONS /api/sets","timestamp":"2023-12-27T00:51:45.642Z"}
{"level":"info","message":"GET /api/user","timestamp":"2023-12-27T00:51:45.645Z"}
{"level":"info","message":"GET /api/sets","timestamp":"2023-12-27T00:51:45.688Z"}
{"level":"info","message":"OPTIONS /api/user","timestamp":"2023-12-27T00:54:25.336Z"}
{"level":"info","message":"OPTIONS /api/sets","timestamp":"2023-12-27T00:54:25.342Z"}
{"level":"info","message":"GET /api/user","timestamp":"2023-12-27T00:54:25.344Z"}
{"level":"info","message":"GET /api/sets","timestamp":"2023-12-27T00:54:25.363Z"}
{"level":"info","message":"OPTIONS /api/user","timestamp":"2023-12-27T00:55:49.811Z"}
{"level":"info","message":"OPTIONS /api/sets","timestamp":"2023-12-27T00:55:49.816Z"}
{"level":"info","message":"GET /api/user","timestamp":"2023-12-27T00:55:49.816Z"}
{"level":"info","message":"GET /api/sets","timestamp":"2023-12-27T00:55:49.826Z"}
{"level":"info","message":"OPTIONS /api/user","timestamp":"2023-12-27T01:23:36.367Z"}
{"level":"info","message":"GET /api/user","timestamp":"2023-12-27T01:23:36.406Z"}
{"level":"info","message":"OPTIONS /api","timestamp":"2023-12-27T01:23:36.410Z"}
{"level":"info","message":"OPTIONS /api/sets","timestamp":"2023-12-27T01:23:36.453Z"}
{"level":"info","message":"POST /api","timestamp":"2023-12-27T01:23:36.454Z"}
{"level":"info","message":"GET /api/sets","timestamp":"2023-12-27T01:23:36.505Z"}
{"level":"info","message":"OPTIONS /api/user","timestamp":"2023-12-27T01:24:02.064Z"}
{"level":"info","message":"OPTIONS /api/sets","timestamp":"2023-12-27T01:24:02.070Z"}
{"level":"info","message":"GET /api/user","timestamp":"2023-12-27T01:24:02.072Z"}
{"level":"info","message":"OPTIONS /api","timestamp":"2023-12-27T01:24:02.074Z"}
{"level":"info","message":"GET /api/sets","timestamp":"2023-12-27T01:24:02.098Z"}
{"level":"info","message":"POST /api","timestamp":"2023-12-27T01:24:02.100Z"}
{"level":"info","message":"OPTIONS /api/user","timestamp":"2023-12-27T01:24:50.213Z"}
{"level":"info","message":"OPTIONS /api/sets","timestamp":"2023-12-27T01:24:50.215Z"}
{"level":"info","message":"OPTIONS /api","timestamp":"2023-12-27T01:24:50.215Z"}
{"level":"info","message":"GET /api/user","timestamp":"2023-12-27T01:24:50.216Z"}
{"level":"info","message":"GET /api/sets","timestamp":"2023-12-27T01:24:50.222Z"}
{"level":"info","message":"POST /api","timestamp":"2023-12-27T01:24:50.225Z"}
{"level":"info","message":"OPTIONS /api/user","timestamp":"2023-12-27T01:25:51.691Z"}
{"level":"info","message":"OPTIONS /api","timestamp":"2023-12-27T01:25:51.722Z"}
{"level":"info","message":"GET /api/user","timestamp":"2023-12-27T01:25:51.724Z"}
{"level":"info","message":"POST /api","timestamp":"2023-12-27T01:25:51.757Z"}
{"level":"info","message":"GET /api/user","timestamp":"2023-12-27T01:25:53.798Z"}
{"level":"info","message":"POST /api","timestamp":"2023-12-27T01:25:53.822Z"}
{"level":"info","message":"OPTIONS /api/sets","timestamp":"2023-12-27T01:25:53.826Z"}
{"level":"info","message":"GET /api/sets","timestamp":"2023-12-27T01:25:53.839Z"}
{"level":"info","message":"OPTIONS /api/user","timestamp":"2023-12-27T01:26:53.822Z"}
{"level":"info","message":"OPTIONS /api/sets","timestamp":"2023-12-27T01:26:53.824Z"}
{"level":"info","message":"GET /api/user","timestamp":"2023-12-27T01:26:53.828Z"}
{"level":"info","message":"GET /api/sets","timestamp":"2023-12-27T01:26:53.829Z"}
{"level":"info","message":"OPTIONS /api/user","timestamp":"2023-12-27T01:27:04.468Z"}
{"level":"info","message":"OPTIONS /api/sets","timestamp":"2023-12-27T01:27:04.470Z"}
{"level":"info","message":"GET /api/user","timestamp":"2023-12-27T01:27:04.471Z"}
{"level":"info","message":"GET /api/sets","timestamp":"2023-12-27T01:27:04.476Z"}
{"level":"info","message":"OPTIONS /api/sets/6585e2d8006d1bd2a9637749","timestamp":"2023-12-27T01:27:16.398Z"}
{"level":"info","message":"OPTIONS /api","timestamp":"2023-12-27T01:27:16.407Z"}
{"level":"info","message":"GET /api/sets/6585e2d8006d1bd2a9637749","timestamp":"2023-12-27T01:27:16.414Z"}
{"level":"info","message":"POST /api","timestamp":"2023-12-27T01:27:16.454Z"}
{"level":"info","message":"OPTIONS /api","timestamp":"2023-12-27T01:28:37.862Z"}
{"level":"info","message":"OPTIONS /api/sets/6585e2d8006d1bd2a9637749","timestamp":"2023-12-27T01:28:37.919Z"}
{"level":"info","message":"POST /api","timestamp":"2023-12-27T01:28:37.919Z"}
{"level":"info","message":"GET /api/sets/6585e2d8006d1bd2a9637749","timestamp":"2023-12-27T01:28:37.956Z"}
{"level":"info","message":"OPTIONS /api/sets/6585e2d8006d1bd2a9637749","timestamp":"2023-12-27T01:29:52.705Z"}
{"level":"info","message":"OPTIONS /api","timestamp":"2023-12-27T01:29:52.711Z"}
{"level":"info","message":"GET /api/sets/6585e2d8006d1bd2a9637749","timestamp":"2023-12-27T01:29:52.712Z"}
{"level":"info","message":"POST /api","timestamp":"2023-12-27T01:29:52.724Z"}
{"level":"info","message":"OPTIONS /api","timestamp":"2023-12-27T01:33:01.371Z"}
{"level":"info","message":"OPTIONS /api/sets/6585e2d8006d1bd2a9637749","timestamp":"2023-12-27T01:33:01.392Z"}
{"level":"info","message":"POST /api","timestamp":"2023-12-27T01:33:01.394Z"}
{"level":"info","message":"GET /api/sets/6585e2d8006d1bd2a9637749","timestamp":"2023-12-27T01:33:01.416Z"}
{"level":"info","message":"OPTIONS /api/sets/6585e2d8006d1bd2a9637749","timestamp":"2023-12-27T01:34:39.412Z"}
{"level":"info","message":"OPTIONS /api","timestamp":"2023-12-27T01:34:39.425Z"}
{"level":"info","message":"GET /api/sets/6585e2d8006d1bd2a9637749","timestamp":"2023-12-27T01:34:39.425Z"}
{"level":"info","message":"POST /api","timestamp":"2023-12-27T01:34:39.431Z"}
{"level":"info","message":"OPTIONS /api/sets/6585e2d8006d1bd2a9637749","timestamp":"2023-12-27T01:37:23.020Z"}
{"level":"info","message":"GET /api/sets/6585e2d8006d1bd2a9637749","timestamp":"2023-12-27T01:37:23.027Z"}
{"level":"info","message":"OPTIONS /api/sets/6585e2d8006d1bd2a9637749","timestamp":"2023-12-27T01:38:30.680Z"}
{"level":"info","message":"GET /api/sets/6585e2d8006d1bd2a9637749","timestamp":"2023-12-27T01:38:30.702Z"}
{"level":"info","message":"OPTIONS /api/sets/6585e2d8006d1bd2a9637749","timestamp":"2023-12-27T01:39:11.164Z"}
{"level":"info","message":"GET /api/sets/6585e2d8006d1bd2a9637749","timestamp":"2023-12-27T01:39:11.187Z"}
{"level":"info","message":"OPTIONS /api/sets/6585e2d8006d1bd2a9637749","timestamp":"2023-12-27T01:43:39.796Z"}
{"level":"info","message":"GET /api/sets/6585e2d8006d1bd2a9637749","timestamp":"2023-12-27T01:43:39.825Z"}
{"level":"info","message":"OPTIONS /api/sets/6585e2d8006d1bd2a9637749","timestamp":"2023-12-27T01:43:49.361Z"}
{"level":"info","message":"OPTIONS /api","timestamp":"2023-12-27T01:43:49.364Z"}
{"level":"info","message":"GET /api/sets/6585e2d8006d1bd2a9637749","timestamp":"2023-12-27T01:43:49.366Z"}
{"level":"info","message":"POST /api","timestamp":"2023-12-27T01:43:49.369Z"}
{"level":"info","message":"OPTIONS /api/sets/6585e2d8006d1bd2a9637749","timestamp":"2023-12-27T01:51:30.517Z"}
{"level":"info","message":"GET /api/sets/6585e2d8006d1bd2a9637749","timestamp":"2023-12-27T01:51:31.011Z"}
{"level":"info","message":"OPTIONS /api/sets/6585e2d8006d1bd2a9637749","timestamp":"2023-12-27T01:53:29.699Z"}
{"level":"info","message":"GET /api/sets/6585e2d8006d1bd2a9637749","timestamp":"2023-12-27T01:53:29.705Z"}
{"level":"info","message":"OPTIONS /api/sets/6585e2d8006d1bd2a9637749","timestamp":"2023-12-27T01:54:08.703Z"}
{"level":"info","message":"GET /api/sets/6585e2d8006d1bd2a9637749","timestamp":"2023-12-27T01:54:08.718Z"}
{"level":"info","message":"OPTIONS /api/sets/6585e2d8006d1bd2a9637749","timestamp":"2023-12-27T01:54:46.390Z"}
{"level":"info","message":"GET /api/sets/6585e2d8006d1bd2a9637749","timestamp":"2023-12-27T01:54:46.474Z"}
{"level":"info","message":"OPTIONS /api/sets/6585e2d8006d1bd2a9637749","timestamp":"2023-12-27T01:54:56.728Z"}
{"level":"info","message":"GET /api/sets/6585e2d8006d1bd2a9637749","timestamp":"2023-12-27T01:54:56.732Z"}
{"level":"info","message":"OPTIONS /api/sets/6585e2d8006d1bd2a9637749","timestamp":"2023-12-27T01:55:25.919Z"}
{"level":"info","message":"GET /api/sets/6585e2d8006d1bd2a9637749","timestamp":"2023-12-27T01:55:25.922Z"}
{"level":"info","message":"OPTIONS /api/sets/6585e2d8006d1bd2a9637749","timestamp":"2023-12-27T01:55:42.533Z"}
{"level":"info","message":"GET /api/sets/6585e2d8006d1bd2a9637749","timestamp":"2023-12-27T01:55:42.557Z"}
{"level":"info","message":"OPTIONS /api/sets/6585e2d8006d1bd2a9637749","timestamp":"2023-12-27T01:57:02.803Z"}
{"level":"info","message":"GET /api/sets/6585e2d8006d1bd2a9637749","timestamp":"2023-12-27T01:57:02.845Z"}
{"level":"info","message":"OPTIONS /api/sets/6585e2d8006d1bd2a9637749","timestamp":"2023-12-27T01:57:48.396Z"}
{"level":"info","message":"GET /api/sets/6585e2d8006d1bd2a9637749","timestamp":"2023-12-27T01:57:48.403Z"}
{"level":"info","message":"OPTIONS /api/sets/6585e2d8006d1bd2a9637749","timestamp":"2023-12-27T01:59:09.475Z"}
{"level":"info","message":"GET /api/sets/6585e2d8006d1bd2a9637749","timestamp":"2023-12-27T01:59:09.482Z"}
{"level":"info","message":"OPTIONS /api/sets/6585e2d8006d1bd2a9637749","timestamp":"2023-12-27T01:59:31.203Z"}
{"level":"info","message":"GET /api/sets/6585e2d8006d1bd2a9637749","timestamp":"2023-12-27T01:59:31.221Z"}
{"level":"info","message":"GET /api/sets/6585e2d8006d1bd2a9637749","timestamp":"2023-12-27T01:59:35.136Z"}
{"level":"info","message":"OPTIONS /api/sets/6585e2d8006d1bd2a9637749","timestamp":"2023-12-27T02:00:16.648Z"}
{"level":"info","message":"GET /api/sets/6585e2d8006d1bd2a9637749","timestamp":"2023-12-27T02:00:16.678Z"}
{"level":"info","message":"OPTIONS /api/sets/6585e2d8006d1bd2a9637749","timestamp":"2023-12-27T02:00:24.590Z"}
{"level":"info","message":"GET /api/sets/6585e2d8006d1bd2a9637749","timestamp":"2023-12-27T02:00:24.607Z"}
{"level":"info","message":"OPTIONS /api/sets/6585e2d8006d1bd2a9637749","timestamp":"2023-12-27T02:00:53.469Z"}
{"level":"info","message":"GET /api/sets/6585e2d8006d1bd2a9637749","timestamp":"2023-12-27T02:00:53.518Z"}
{"level":"info","message":"OPTIONS /api/sets/6585e2d8006d1bd2a9637749","timestamp":"2023-12-27T02:01:09.760Z"}
{"level":"info","message":"GET /api/sets/6585e2d8006d1bd2a9637749","timestamp":"2023-12-27T02:01:10.685Z"}
{"level":"info","message":"OPTIONS /api/sets/6585e2d8006d1bd2a9637749","timestamp":"2023-12-27T02:01:42.768Z"}
{"level":"info","message":"GET /api/sets/6585e2d8006d1bd2a9637749","timestamp":"2023-12-27T02:01:42.781Z"}
{"level":"info","message":"OPTIONS /api/sets/6585e2d8006d1bd2a9637749","timestamp":"2023-12-27T02:01:54.633Z"}
{"level":"info","message":"GET /api/sets/6585e2d8006d1bd2a9637749","timestamp":"2023-12-27T02:01:54.635Z"}
{"level":"info","message":"OPTIONS /api/sets/6585e2d8006d1bd2a9637749","timestamp":"2023-12-27T02:02:07.585Z"}
{"level":"info","message":"GET /api/sets/6585e2d8006d1bd2a9637749","timestamp":"2023-12-27T02:02:07.587Z"}
{"level":"info","message":"OPTIONS /api/sets/6585e2d8006d1bd2a9637749","timestamp":"2023-12-27T02:04:10.286Z"}
{"level":"info","message":"GET /api/sets/6585e2d8006d1bd2a9637749","timestamp":"2023-12-27T02:04:10.293Z"}
{"level":"info","message":"OPTIONS /api/sets/6585e2d8006d1bd2a9637749","timestamp":"2023-12-27T02:04:27.631Z"}
{"level":"info","message":"GET /api/sets/6585e2d8006d1bd2a9637749","timestamp":"2023-12-27T02:04:27.637Z"}
{"level":"info","message":"OPTIONS /api/sets/6585e2d8006d1bd2a9637749","timestamp":"2023-12-27T02:06:18.497Z"}
{"level":"info","message":"GET /api/sets/6585e2d8006d1bd2a9637749","timestamp":"2023-12-27T02:06:18.510Z"}
{"level":"info","message":"OPTIONS /api/sets/6585e2d8006d1bd2a9637749","timestamp":"2023-12-27T02:08:31.487Z"}
{"level":"info","message":"GET /api/sets/6585e2d8006d1bd2a9637749","timestamp":"2023-12-27T02:08:31.524Z"}
{"level":"info","message":"OPTIONS /api/sets/add","timestamp":"2023-12-27T02:08:33.419Z"}
{"level":"info","message":"PUT /api/sets/add","timestamp":"2023-12-27T02:08:33.423Z"}
{"level":"info","message":"OPTIONS /api/sets/add","timestamp":"2023-12-27T02:08:59.579Z"}
{"level":"info","message":"PUT /api/sets/add","timestamp":"2023-12-27T02:08:59.592Z"}
{"level":"info","message":"OPTIONS /api","timestamp":"2023-12-27T02:08:59.897Z"}
{"level":"info","message":"OPTIONS /api/user","timestamp":"2023-12-27T02:08:59.898Z"}
{"level":"info","message":"OPTIONS /api/sets","timestamp":"2023-12-27T02:08:59.900Z"}
{"level":"info","message":"POST /api","timestamp":"2023-12-27T02:08:59.920Z"}
{"level":"info","message":"GET /api/user","timestamp":"2023-12-27T02:08:59.960Z"}
{"level":"info","message":"GET /api/sets","timestamp":"2023-12-27T02:08:59.963Z"}
{"level":"info","message":"OPTIONS /api","timestamp":"2023-12-27T02:10:02.174Z"}
{"level":"info","message":"OPTIONS /api/user","timestamp":"2023-12-27T02:10:02.180Z"}
{"level":"info","message":"POST /api","timestamp":"2023-12-27T02:10:02.180Z"}
{"level":"info","message":"OPTIONS /api/sets","timestamp":"2023-12-27T02:10:02.195Z"}
{"level":"info","message":"GET /api/user","timestamp":"2023-12-27T02:10:02.196Z"}
{"level":"info","message":"GET /api/sets","timestamp":"2023-12-27T02:10:02.198Z"}
{"level":"info","message":"OPTIONS /api/user","timestamp":"2023-12-27T02:10:55.002Z"}
{"level":"info","message":"OPTIONS /api/sets","timestamp":"2023-12-27T02:10:55.004Z"}
{"level":"info","message":"GET /api/user","timestamp":"2023-12-27T02:10:55.052Z"}
{"level":"info","message":"GET /api/sets","timestamp":"2023-12-27T02:10:55.060Z"}
{"level":"info","message":"OPTIONS /api/user","timestamp":"2023-12-27T02:11:00.538Z"}
{"level":"info","message":"OPTIONS /api/sets","timestamp":"2023-12-27T02:11:00.542Z"}
{"level":"info","message":"GET /api/user","timestamp":"2023-12-27T02:11:00.548Z"}
{"level":"info","message":"GET /api/sets","timestamp":"2023-12-27T02:11:00.550Z"}
{"level":"info","message":"OPTIONS /api","timestamp":"2023-12-27T02:11:04.606Z"}
{"level":"info","message":"OPTIONS /api/sets/6585e2d8006d1bd2a9637749","timestamp":"2023-12-27T02:11:04.608Z"}
{"level":"info","message":"POST /api","timestamp":"2023-12-27T02:11:04.610Z"}
{"level":"info","message":"GET /api/sets/6585e2d8006d1bd2a9637749","timestamp":"2023-12-27T02:11:04.647Z"}
{"level":"info","message":"OPTIONS /api/sets/add","timestamp":"2023-12-27T02:11:12.859Z"}
{"level":"info","message":"PUT /api/sets/add","timestamp":"2023-12-27T02:11:12.862Z"}
{"level":"info","message":"OPTIONS /api/user","timestamp":"2023-12-27T02:11:13.010Z"}
{"level":"info","message":"OPTIONS /api/sets","timestamp":"2023-12-27T02:11:13.011Z"}
{"level":"info","message":"OPTIONS /api","timestamp":"2023-12-27T02:11:13.011Z"}
{"level":"info","message":"GET /api/user","timestamp":"2023-12-27T02:11:13.026Z"}
{"level":"info","message":"GET /api/sets","timestamp":"2023-12-27T02:11:13.031Z"}
{"level":"info","message":"POST /api","timestamp":"2023-12-27T02:11:13.033Z"}
{"level":"info","message":"OPTIONS /api","timestamp":"2023-12-27T02:12:16.122Z"}
{"level":"info","message":"OPTIONS /api/user","timestamp":"2023-12-27T02:12:16.126Z"}
{"level":"info","message":"OPTIONS /api/sets","timestamp":"2023-12-27T02:12:16.126Z"}
{"level":"info","message":"POST /api","timestamp":"2023-12-27T02:12:16.136Z"}
{"level":"info","message":"GET /api/user","timestamp":"2023-12-27T02:12:16.171Z"}
{"level":"info","message":"GET /api/sets","timestamp":"2023-12-27T02:12:16.172Z"}
{"level":"info","message":"OPTIONS /api/user","timestamp":"2023-12-27T02:12:34.339Z"}
{"level":"info","message":"OPTIONS /api/sets","timestamp":"2023-12-27T02:12:34.342Z"}
{"level":"info","message":"GET /api/user","timestamp":"2023-12-27T02:12:34.343Z"}
{"level":"info","message":"GET /api/sets","timestamp":"2023-12-27T02:12:34.346Z"}
{"level":"info","message":"OPTIONS /api","timestamp":"2023-12-27T02:12:37.863Z"}
{"level":"info","message":"OPTIONS /api/sets/6585e2d8006d1bd2a9637749","timestamp":"2023-12-27T02:12:37.887Z"}
{"level":"info","message":"POST /api","timestamp":"2023-12-27T02:12:37.891Z"}
{"level":"info","message":"GET /api/sets/6585e2d8006d1bd2a9637749","timestamp":"2023-12-27T02:12:37.897Z"}
{"level":"info","message":"OPTIONS /api/sets/add","timestamp":"2023-12-27T02:13:12.368Z"}
{"level":"info","message":"PUT /api/sets/add","timestamp":"2023-12-27T02:13:12.377Z"}
{"level":"info","message":"OPTIONS /api/user","timestamp":"2023-12-27T02:13:12.491Z"}
{"level":"info","message":"OPTIONS /api/sets","timestamp":"2023-12-27T02:13:12.497Z"}
{"level":"info","message":"GET /api/user","timestamp":"2023-12-27T02:13:12.499Z"}
{"level":"info","message":"GET /api/sets","timestamp":"2023-12-27T02:13:12.508Z"}
{"level":"info","message":"OPTIONS /api","timestamp":"2023-12-27T02:13:12.545Z"}
{"level":"info","message":"POST /api","timestamp":"2023-12-27T02:13:12.613Z"}
{"level":"info","message":"OPTIONS /api/user","timestamp":"2023-12-27T02:14:22.283Z"}
{"level":"info","message":"OPTIONS /api","timestamp":"2023-12-27T02:14:22.373Z"}
{"level":"info","message":"OPTIONS /api/user","timestamp":"2023-12-27T02:14:22.373Z"}
{"level":"info","message":"OPTIONS /api/sets","timestamp":"2023-12-27T02:14:22.374Z"}
{"level":"info","message":"OPTIONS /api","timestamp":"2023-12-27T02:14:22.374Z"}
{"level":"info","message":"GET /api/user","timestamp":"2023-12-27T02:14:22.573Z"}
{"level":"info","message":"POST /api","timestamp":"2023-12-27T02:14:22.602Z"}
{"level":"info","message":"GET /api/user","timestamp":"2023-12-27T02:14:22.645Z"}
{"level":"info","message":"GET /api/sets","timestamp":"2023-12-27T02:14:22.647Z"}
{"level":"info","message":"POST /api","timestamp":"2023-12-27T02:14:22.648Z"}
{"level":"info","message":"OPTIONS /api/user","timestamp":"2023-12-27T02:14:25.103Z"}
{"level":"info","message":"OPTIONS /api/sets","timestamp":"2023-12-27T02:14:25.105Z"}
{"level":"info","message":"OPTIONS /api","timestamp":"2023-12-27T02:14:25.106Z"}
{"level":"info","message":"GET /api/user","timestamp":"2023-12-27T02:14:25.108Z"}
{"level":"info","message":"GET /api/sets","timestamp":"2023-12-27T02:14:25.140Z"}
{"level":"info","message":"POST /api","timestamp":"2023-12-27T02:14:25.142Z"}
{"level":"info","message":"OPTIONS /api/user","timestamp":"2023-12-27T02:15:42.683Z"}
{"level":"info","message":"OPTIONS /api/user","timestamp":"2023-12-27T02:15:42.690Z"}
{"level":"info","message":"GET /api/user","timestamp":"2023-12-27T02:15:42.696Z"}
{"level":"info","message":"GET /api/user","timestamp":"2023-12-27T02:15:42.717Z"}
{"level":"info","message":"OPTIONS /api/user","timestamp":"2023-12-27T02:15:53.039Z"}
{"level":"info","message":"OPTIONS /api/user","timestamp":"2023-12-27T02:15:53.044Z"}
{"level":"info","message":"OPTIONS /api","timestamp":"2023-12-27T02:15:53.045Z"}
{"level":"info","message":"GET /api/user","timestamp":"2023-12-27T02:15:53.053Z"}
{"level":"info","message":"GET /api/user","timestamp":"2023-12-27T02:15:53.063Z"}
{"level":"info","message":"POST /api","timestamp":"2023-12-27T02:15:53.073Z"}
{"level":"info","message":"OPTIONS /api/user","timestamp":"2023-12-27T02:16:01.456Z"}
{"level":"info","message":"OPTIONS /api","timestamp":"2023-12-27T02:16:01.460Z"}
{"level":"info","message":"GET /api/user","timestamp":"2023-12-27T02:16:01.461Z"}
{"level":"info","message":"POST /api","timestamp":"2023-12-27T02:16:01.472Z"}
{"level":"info","message":"OPTIONS /api/user","timestamp":"2023-12-27T02:16:18.602Z"}
{"level":"info","message":"OPTIONS /api","timestamp":"2023-12-27T02:16:18.635Z"}
{"level":"info","message":"GET /api/user","timestamp":"2023-12-27T02:16:18.636Z"}
{"level":"info","message":"POST /api","timestamp":"2023-12-27T02:16:18.648Z"}
{"level":"info","message":"OPTIONS /api/sets","timestamp":"2023-12-27T02:16:18.988Z"}
{"level":"info","message":"GET /api/sets","timestamp":"2023-12-27T02:16:19.043Z"}
{"level":"info","message":"OPTIONS /api/user","timestamp":"2023-12-27T02:16:48.188Z"}
{"level":"info","message":"GET /api/user","timestamp":"2023-12-27T02:16:48.218Z"}
{"level":"info","message":"OPTIONS /api/sets","timestamp":"2023-12-27T02:16:48.277Z"}
{"level":"info","message":"GET /api/sets","timestamp":"2023-12-27T02:16:48.535Z"}
{"level":"info","message":"GET /api/user","timestamp":"2023-12-27T02:16:52.437Z"}
{"level":"info","message":"OPTIONS /api","timestamp":"2023-12-27T02:16:52.439Z"}
{"level":"info","message":"POST /api","timestamp":"2023-12-27T02:16:52.479Z"}
{"level":"info","message":"GET /api/sets","timestamp":"2023-12-27T02:16:52.582Z"}
{"level":"info","message":"OPTIONS /api/user","timestamp":"2023-12-27T02:17:05.638Z"}
{"level":"info","message":"GET /api/user","timestamp":"2023-12-27T02:17:05.684Z"}
{"level":"info","message":"OPTIONS /api/sets","timestamp":"2023-12-27T02:17:05.768Z"}
{"level":"info","message":"GET /api/sets","timestamp":"2023-12-27T02:17:05.775Z"}
{"level":"info","message":"OPTIONS /api/user","timestamp":"2023-12-27T02:17:25.045Z"}
{"level":"info","message":"GET /api/user","timestamp":"2023-12-27T02:17:25.069Z"}
{"level":"info","message":"OPTIONS /api/sets","timestamp":"2023-12-27T02:17:25.101Z"}
{"level":"info","message":"GET /api/sets","timestamp":"2023-12-27T02:17:25.103Z"}
{"level":"info","message":"OPTIONS /api/user","timestamp":"2023-12-27T02:17:40.068Z"}
{"level":"info","message":"GET /api/user","timestamp":"2023-12-27T02:17:40.085Z"}
{"level":"info","message":"OPTIONS /api/sets","timestamp":"2023-12-27T02:17:40.115Z"}
{"level":"info","message":"GET /api/sets","timestamp":"2023-12-27T02:17:40.117Z"}
{"level":"info","message":"OPTIONS /api/user","timestamp":"2023-12-27T02:19:11.004Z"}
{"level":"info","message":"GET /api/user","timestamp":"2023-12-27T02:19:11.008Z"}
{"level":"info","message":"OPTIONS /api/sets","timestamp":"2023-12-27T02:19:11.026Z"}
{"level":"info","message":"GET /api/sets","timestamp":"2023-12-27T02:19:11.027Z"}
{"level":"info","message":"OPTIONS /api/user","timestamp":"2023-12-27T02:19:16.146Z"}
{"level":"info","message":"GET /api/user","timestamp":"2023-12-27T02:19:16.150Z"}
{"level":"info","message":"OPTIONS /api/sets","timestamp":"2023-12-27T02:19:16.160Z"}
{"level":"info","message":"GET /api/sets","timestamp":"2023-12-27T02:19:16.162Z"}
{"level":"info","message":"OPTIONS /api/user","timestamp":"2023-12-27T02:19:21.386Z"}
{"level":"info","message":"GET /api/user","timestamp":"2023-12-27T02:19:21.394Z"}
{"level":"info","message":"OPTIONS /api/sets","timestamp":"2023-12-27T02:19:21.426Z"}
{"level":"info","message":"GET /api/sets","timestamp":"2023-12-27T02:19:21.427Z"}
{"level":"info","message":"OPTIONS /api/user","timestamp":"2023-12-27T02:19:43.898Z"}
{"level":"info","message":"GET /api/user","timestamp":"2023-12-27T02:19:43.901Z"}
{"level":"info","message":"OPTIONS /api/sets","timestamp":"2023-12-27T02:19:44.011Z"}
{"level":"info","message":"GET /api/sets","timestamp":"2023-12-27T02:19:44.019Z"}
{"level":"info","message":"OPTIONS /api/sets/6585e2d8006d1bd2a9637749","timestamp":"2023-12-27T02:19:45.372Z"}
{"level":"info","message":"OPTIONS /api","timestamp":"2023-12-27T02:19:45.374Z"}
{"level":"info","message":"GET /api/sets/6585e2d8006d1bd2a9637749","timestamp":"2023-12-27T02:19:45.378Z"}
{"level":"info","message":"POST /api","timestamp":"2023-12-27T02:19:45.392Z"}
{"level":"info","message":"OPTIONS /api/sets/add","timestamp":"2023-12-27T02:19:55.485Z"}
{"level":"info","message":"PUT /api/sets/add","timestamp":"2023-12-27T02:19:55.494Z"}
{"level":"info","message":"OPTIONS /api/user","timestamp":"2023-12-27T02:19:55.635Z"}
{"level":"info","message":"OPTIONS /api","timestamp":"2023-12-27T02:19:55.636Z"}
{"level":"info","message":"GET /api/user","timestamp":"2023-12-27T02:19:55.663Z"}
{"level":"info","message":"POST /api","timestamp":"2023-12-27T02:19:55.665Z"}
{"level":"info","message":"OPTIONS /api/sets","timestamp":"2023-12-27T02:19:55.692Z"}
{"level":"info","message":"GET /api/sets","timestamp":"2023-12-27T02:19:55.693Z"}
{"level":"info","message":"OPTIONS /api/sets/6585e2d8006d1bd2a9637749","timestamp":"2023-12-27T02:21:22.592Z"}
{"level":"info","message":"OPTIONS /api","timestamp":"2023-12-27T02:21:22.614Z"}
{"level":"info","message":"GET /api/sets/6585e2d8006d1bd2a9637749","timestamp":"2023-12-27T02:21:22.627Z"}
{"level":"info","message":"POST /api","timestamp":"2023-12-27T02:21:22.633Z"}
{"level":"info","message":"OPTIONS /api/sets/add","timestamp":"2023-12-27T02:21:27.239Z"}
{"level":"info","message":"PUT /api/sets/add","timestamp":"2023-12-27T02:21:27.243Z"}
{"level":"info","message":"POST /api","timestamp":"2023-12-27T02:21:27.332Z"}
{"level":"info","message":"OPTIONS /api/user","timestamp":"2023-12-27T02:21:27.338Z"}
{"level":"info","message":"GET /api/user","timestamp":"2023-12-27T02:21:27.353Z"}
{"level":"info","message":"OPTIONS /api/sets","timestamp":"2023-12-27T02:21:27.368Z"}
{"level":"info","message":"GET /api/sets","timestamp":"2023-12-27T02:21:27.390Z"}
{"level":"info","message":"OPTIONS /api/sets/6585e2d8006d1bd2a9637749","timestamp":"2023-12-27T02:24:37.913Z"}
{"level":"info","message":"OPTIONS /api","timestamp":"2023-12-27T02:24:37.936Z"}
{"level":"info","message":"GET /api/sets/6585e2d8006d1bd2a9637749","timestamp":"2023-12-27T02:24:37.949Z"}
{"level":"info","message":"POST /api","timestamp":"2023-12-27T02:24:37.968Z"}
{"level":"info","message":"OPTIONS /api/sets/add","timestamp":"2023-12-27T02:24:43.763Z"}
{"level":"info","message":"PUT /api/sets/add","timestamp":"2023-12-27T02:24:43.776Z"}
{"level":"info","message":"OPTIONS /api/user","timestamp":"2023-12-27T02:24:43.868Z"}
{"level":"info","message":"OPTIONS /api","timestamp":"2023-12-27T02:24:43.870Z"}
{"level":"info","message":"GET /api/user","timestamp":"2023-12-27T02:24:43.890Z"}
{"level":"info","message":"POST /api","timestamp":"2023-12-27T02:24:43.894Z"}
{"level":"info","message":"OPTIONS /api/sets","timestamp":"2023-12-27T02:24:43.908Z"}
{"level":"info","message":"GET /api/sets","timestamp":"2023-12-27T02:24:43.934Z"}
{"level":"info","message":"OPTIONS /api/sets/6585e2d8006d1bd2a9637749","timestamp":"2023-12-27T02:26:05.816Z"}
{"level":"info","message":"OPTIONS /api","timestamp":"2023-12-27T02:26:05.858Z"}
{"level":"info","message":"GET /api/sets/6585e2d8006d1bd2a9637749","timestamp":"2023-12-27T02:26:05.860Z"}
{"level":"info","message":"POST /api","timestamp":"2023-12-27T02:26:05.868Z"}
{"level":"info","message":"OPTIONS /api/sets/add","timestamp":"2023-12-27T02:26:09.677Z"}
{"level":"info","message":"PUT /api/sets/add","timestamp":"2023-12-27T02:26:09.679Z"}
{"level":"info","message":"POST /api","timestamp":"2023-12-27T02:26:09.801Z"}
{"level":"info","message":"OPTIONS /api/user","timestamp":"2023-12-27T02:26:09.805Z"}
{"level":"info","message":"GET /api/user","timestamp":"2023-12-27T02:26:09.809Z"}
{"level":"info","message":"OPTIONS /api/sets","timestamp":"2023-12-27T02:26:09.833Z"}
{"level":"info","message":"GET /api/sets","timestamp":"2023-12-27T02:26:09.834Z"}
{"level":"info","message":"OPTIONS /api/sets/6585e2d8006d1bd2a9637749","timestamp":"2023-12-27T02:27:52.631Z"}
{"level":"info","message":"OPTIONS /api","timestamp":"2023-12-27T02:27:52.664Z"}
{"level":"info","message":"GET /api/sets/6585e2d8006d1bd2a9637749","timestamp":"2023-12-27T02:27:52.665Z"}
{"level":"info","message":"POST /api","timestamp":"2023-12-27T02:27:52.685Z"}
{"level":"info","message":"OPTIONS /api/sets/add","timestamp":"2023-12-27T02:27:58.079Z"}
{"level":"info","message":"PUT /api/sets/add","timestamp":"2023-12-27T02:27:58.088Z"}
{"level":"info","message":"OPTIONS /api/user","timestamp":"2023-12-27T02:27:58.220Z"}
{"level":"info","message":"OPTIONS /api","timestamp":"2023-12-27T02:27:58.224Z"}
{"level":"info","message":"GET /api/user","timestamp":"2023-12-27T02:27:58.225Z"}
{"level":"info","message":"POST /api","timestamp":"2023-12-27T02:27:58.231Z"}
{"level":"info","message":"OPTIONS /api/sets","timestamp":"2023-12-27T02:27:58.270Z"}
{"level":"info","message":"GET /api/sets","timestamp":"2023-12-27T02:27:58.274Z"}
{"level":"info","message":"OPTIONS /api/user","timestamp":"2023-12-27T02:30:02.075Z"}
{"level":"info","message":"OPTIONS /api","timestamp":"2023-12-27T02:30:02.184Z"}
{"level":"info","message":"GET /api/user","timestamp":"2023-12-27T02:30:02.301Z"}
{"level":"info","message":"POST /api","timestamp":"2023-12-27T02:30:02.303Z"}
{"level":"info","message":"OPTIONS /api/sets","timestamp":"2023-12-27T02:30:02.846Z"}
{"level":"info","message":"GET /api/sets","timestamp":"2023-12-27T02:30:02.847Z"}
{"level":"info","message":"POST /api","timestamp":"2023-12-27T02:30:05.126Z"}
{"level":"info","message":"OPTIONS /api/sets/6585e2d8006d1bd2a9637749","timestamp":"2023-12-27T02:30:05.152Z"}
{"level":"info","message":"GET /api/sets/6585e2d8006d1bd2a9637749","timestamp":"2023-12-27T02:30:05.156Z"}
{"level":"info","message":"OPTIONS /api/sets/add","timestamp":"2023-12-27T02:30:37.408Z"}
{"level":"info","message":"PUT /api/sets/add","timestamp":"2023-12-27T02:30:37.411Z"}
{"level":"info","message":"OPTIONS /api/user","timestamp":"2023-12-27T02:30:37.589Z"}
{"level":"info","message":"OPTIONS /api","timestamp":"2023-12-27T02:30:37.590Z"}
{"level":"info","message":"GET /api/user","timestamp":"2023-12-27T02:30:37.592Z"}
{"level":"info","message":"POST /api","timestamp":"2023-12-27T02:30:37.594Z"}
{"level":"info","message":"OPTIONS /api/sets","timestamp":"2023-12-27T02:30:37.604Z"}
{"level":"info","message":"GET /api/sets","timestamp":"2023-12-27T02:30:37.604Z"}
{"level":"info","message":"OPTIONS /api/sets/6585e2d8006d1bd2a9637749","timestamp":"2023-12-27T02:31:34.440Z"}
{"level":"info","message":"OPTIONS /api","timestamp":"2023-12-27T02:31:34.442Z"}
{"level":"info","message":"GET /api/sets/6585e2d8006d1bd2a9637749","timestamp":"2023-12-27T02:31:34.446Z"}
{"level":"info","message":"POST /api","timestamp":"2023-12-27T02:31:34.460Z"}
{"level":"info","message":"OPTIONS /api/sets/add","timestamp":"2023-12-27T02:43:43.094Z"}
{"level":"info","message":"PUT /api/sets/add","timestamp":"2023-12-27T02:43:43.132Z"}
{"level":"info","message":"OPTIONS /api/user","timestamp":"2023-12-27T02:43:43.494Z"}
{"level":"info","message":"OPTIONS /api","timestamp":"2023-12-27T02:43:43.496Z"}
{"level":"info","message":"GET /api/user","timestamp":"2023-12-27T02:43:43.501Z"}
{"level":"info","message":"POST /api","timestamp":"2023-12-27T02:43:43.512Z"}
{"level":"info","message":"OPTIONS /api/sets","timestamp":"2023-12-27T02:43:43.571Z"}
{"level":"info","message":"GET /api/sets","timestamp":"2023-12-27T02:43:43.572Z"}
{"level":"info","message":"OPTIONS /api/sets/6585e2d8006d1bd2a9637749","timestamp":"2023-12-27T02:44:05.304Z"}
{"level":"info","message":"OPTIONS /api","timestamp":"2023-12-27T02:44:05.309Z"}
{"level":"info","message":"GET /api/sets/6585e2d8006d1bd2a9637749","timestamp":"2023-12-27T02:44:05.310Z"}
{"level":"info","message":"POST /api","timestamp":"2023-12-27T02:44:05.318Z"}
{"level":"info","message":"OPTIONS /api/sets/add","timestamp":"2023-12-27T02:44:09.339Z"}
{"level":"info","message":"PUT /api/sets/add","timestamp":"2023-12-27T02:44:09.347Z"}
{"level":"info","message":"POST /api","timestamp":"2023-12-27T02:44:09.450Z"}
{"level":"info","message":"OPTIONS /api/user","timestamp":"2023-12-27T02:44:09.453Z"}
{"level":"info","message":"GET /api/user","timestamp":"2023-12-27T02:44:09.457Z"}
{"level":"info","message":"OPTIONS /api/sets","timestamp":"2023-12-27T02:44:09.465Z"}
{"level":"info","message":"GET /api/sets","timestamp":"2023-12-27T02:44:09.466Z"}
{"level":"info","message":"OPTIONS /api/sets/6585e2d8006d1bd2a9637749","timestamp":"2023-12-27T02:44:12.611Z"}
{"level":"info","message":"OPTIONS /api","timestamp":"2023-12-27T02:44:12.627Z"}
{"level":"info","message":"GET /api/sets/6585e2d8006d1bd2a9637749","timestamp":"2023-12-27T02:44:12.633Z"}
{"level":"info","message":"POST /api","timestamp":"2023-12-27T02:44:12.636Z"}
{"level":"info","message":"OPTIONS /api/sets/add","timestamp":"2023-12-27T02:45:00.906Z"}
{"level":"info","message":"PUT /api/sets/add","timestamp":"2023-12-27T02:45:00.910Z"}
{"level":"info","message":"OPTIONS /api/user","timestamp":"2023-12-27T02:45:01.029Z"}
{"level":"info","message":"OPTIONS /api","timestamp":"2023-12-27T02:45:01.032Z"}
{"level":"info","message":"GET /api/user","timestamp":"2023-12-27T02:45:01.033Z"}
{"level":"info","message":"POST /api","timestamp":"2023-12-27T02:45:01.040Z"}
{"level":"info","message":"OPTIONS /api/sets","timestamp":"2023-12-27T02:45:01.090Z"}
{"level":"info","message":"GET /api/sets","timestamp":"2023-12-27T02:45:01.091Z"}
{"level":"info","message":"OPTIONS /api/sets/6585e2d8006d1bd2a9637749","timestamp":"2023-12-27T02:45:15.418Z"}
{"level":"info","message":"OPTIONS /api","timestamp":"2023-12-27T02:45:15.419Z"}
{"level":"info","message":"GET /api/sets/6585e2d8006d1bd2a9637749","timestamp":"2023-12-27T02:45:15.422Z"}
{"level":"info","message":"POST /api","timestamp":"2023-12-27T02:45:15.424Z"}
{"level":"info","message":"OPTIONS /api/sets/add","timestamp":"2023-12-27T02:45:45.547Z"}
{"level":"info","message":"PUT /api/sets/add","timestamp":"2023-12-27T02:45:45.550Z"}
{"level":"info","message":"OPTIONS /api/sets/add","timestamp":"2023-12-27T02:46:06.933Z"}
{"level":"info","message":"PUT /api/sets/add","timestamp":"2023-12-27T02:46:06.936Z"}
{"level":"info","message":"OPTIONS /api/user","timestamp":"2023-12-27T02:46:07.019Z"}
{"level":"info","message":"OPTIONS /api","timestamp":"2023-12-27T02:46:07.020Z"}
{"level":"info","message":"GET /api/user","timestamp":"2023-12-27T02:46:07.028Z"}
{"level":"info","message":"POST /api","timestamp":"2023-12-27T02:46:07.033Z"}
{"level":"info","message":"OPTIONS /api/sets","timestamp":"2023-12-27T02:46:07.045Z"}
{"level":"info","message":"GET /api/sets","timestamp":"2023-12-27T02:46:07.046Z"}
{"level":"info","message":"OPTIONS /api/user","timestamp":"2023-12-27T02:46:54.642Z"}
{"level":"info","message":"OPTIONS /api","timestamp":"2023-12-27T02:46:54.647Z"}
{"level":"info","message":"GET /api/user","timestamp":"2023-12-27T02:46:54.664Z"}
{"level":"info","message":"POST /api","timestamp":"2023-12-27T02:46:54.671Z"}
{"level":"info","message":"OPTIONS /api/sets","timestamp":"2023-12-27T02:46:54.696Z"}
{"level":"info","message":"GET /api/sets","timestamp":"2023-12-27T02:46:54.697Z"}
{"level":"info","message":"OPTIONS /api/user","timestamp":"2023-12-27T02:47:21.216Z"}
{"level":"info","message":"OPTIONS /api","timestamp":"2023-12-27T02:47:21.218Z"}
{"level":"info","message":"GET /api/user","timestamp":"2023-12-27T02:47:21.238Z"}
{"level":"info","message":"POST /api","timestamp":"2023-12-27T02:47:21.251Z"}
{"level":"info","message":"OPTIONS /api/sets","timestamp":"2023-12-27T02:47:21.282Z"}
{"level":"info","message":"GET /api/sets","timestamp":"2023-12-27T02:47:21.284Z"}
{"level":"info","message":"OPTIONS /api","timestamp":"2023-12-27T02:47:45.316Z"}
{"level":"info","message":"POST /api","timestamp":"2023-12-27T02:47:45.318Z"}
{"level":"info","message":"POST /api","timestamp":"2023-12-27T02:47:46.248Z"}
{"level":"info","message":"OPTIONS /api/sets/null","timestamp":"2023-12-27T02:47:46.257Z"}
{"level":"info","message":"GET /api/sets/null","timestamp":"2023-12-27T02:47:46.297Z"}
{"level":"info","message":"OPTIONS /api/sets/add","timestamp":"2023-12-27T02:51:14.738Z"}
{"level":"info","message":"PUT /api/sets/add","timestamp":"2023-12-27T02:51:14.761Z"}
{"level":"info","message":"OPTIONS /api/user","timestamp":"2023-12-27T02:51:15.311Z"}
{"level":"info","message":"OPTIONS /api","timestamp":"2023-12-27T02:51:15.313Z"}
{"level":"info","message":"GET /api/user","timestamp":"2023-12-27T02:51:15.325Z"}
{"level":"info","message":"POST /api","timestamp":"2023-12-27T02:51:15.340Z"}
{"level":"info","message":"OPTIONS /api/sets","timestamp":"2023-12-27T02:51:15.699Z"}
{"level":"info","message":"GET /api/sets","timestamp":"2023-12-27T02:51:15.701Z"}
{"level":"info","message":"OPTIONS /api/testRun/create/5ffaeef9c683de654c28a245","timestamp":"2023-12-27T02:51:24.057Z"}
{"level":"info","message":"OPTIONS /api","timestamp":"2023-12-27T02:51:24.060Z"}
{"level":"info","message":"GET /api/testRun/create/5ffaeef9c683de654c28a245","timestamp":"2023-12-27T02:51:24.063Z"}
{"level":"info","message":"POST /api","timestamp":"2023-12-27T02:51:24.085Z"}
{"level":"info","message":"OPTIONS /api/user","timestamp":"2023-12-27T02:51:37.534Z"}
{"level":"info","message":"OPTIONS /api","timestamp":"2023-12-27T02:51:37.537Z"}
{"level":"info","message":"GET /api/user","timestamp":"2023-12-27T02:51:37.538Z"}
{"level":"info","message":"POST /api","timestamp":"2023-12-27T02:51:37.541Z"}
{"level":"info","message":"OPTIONS /api/sets","timestamp":"2023-12-27T02:51:37.553Z"}
{"level":"info","message":"GET /api/sets","timestamp":"2023-12-27T02:51:37.554Z"}
{"level":"info","message":"OPTIONS /api/testRun/create/5ffaeef9c683de654c28a245","timestamp":"2023-12-27T02:51:46.886Z"}
{"level":"info","message":"OPTIONS /api","timestamp":"2023-12-27T02:51:46.889Z"}
{"level":"info","message":"GET /api/testRun/create/5ffaeef9c683de654c28a245","timestamp":"2023-12-27T02:51:46.901Z"}
{"level":"info","message":"POST /api","timestamp":"2023-12-27T02:51:46.919Z"}
{"level":"info","message":"OPTIONS /api/user","timestamp":"2023-12-27T02:53:31.411Z"}
{"level":"info","message":"OPTIONS /api","timestamp":"2023-12-27T02:53:31.419Z"}
{"level":"info","message":"GET /api/user","timestamp":"2023-12-27T02:53:31.421Z"}
{"level":"info","message":"POST /api","timestamp":"2023-12-27T02:53:31.439Z"}
{"level":"info","message":"OPTIONS /api/sets","timestamp":"2023-12-27T02:53:31.463Z"}
{"level":"info","message":"GET /api/sets","timestamp":"2023-12-27T02:53:31.467Z"}
{"level":"info","message":"POST /api","timestamp":"2023-12-27T02:53:34.540Z"}
{"level":"info","message":"OPTIONS /api/testRun/create/5ffaeef9c683de2a1c28a245","timestamp":"2023-12-27T02:53:34.546Z"}
{"level":"info","message":"GET /api/testRun/create/5ffaeef9c683de2a1c28a245","timestamp":"2023-12-27T02:53:34.550Z"}
{"level":"info","message":"OPTIONS /api/testRun/create/5ffaeef9c683de2a1c28a245","timestamp":"2023-12-27T02:55:36.352Z"}
{"level":"info","message":"OPTIONS /api","timestamp":"2023-12-27T02:55:36.371Z"}
{"level":"info","message":"GET /api/testRun/create/5ffaeef9c683de2a1c28a245","timestamp":"2023-12-27T02:55:36.381Z"}
{"level":"info","message":"POST /api","timestamp":"2023-12-27T02:55:36.382Z"}
{"level":"info","message":"POST /api","timestamp":"2023-12-27T02:55:37.646Z"}
{"level":"info","message":"OPTIONS /api/testRun/658b9228464d7cdb07e690f8","timestamp":"2023-12-27T02:55:37.659Z"}
{"level":"info","message":"GET /api/testRun/658b9228464d7cdb07e690f8","timestamp":"2023-12-27T02:55:37.675Z"}
{"level":"info","message":"POST /api","timestamp":"2023-12-27T02:55:40.944Z"}
{"level":"info","message":"OPTIONS /api/user","timestamp":"2023-12-27T02:55:40.955Z"}
{"level":"info","message":"GET /api/user","timestamp":"2023-12-27T02:55:41.060Z"}
{"level":"info","message":"OPTIONS /api/sets","timestamp":"2023-12-27T02:55:41.231Z"}
{"level":"info","message":"GET /api/sets","timestamp":"2023-12-27T02:55:41.234Z"}
{"level":"info","message":"OPTIONS /api/testRun/create/5ffaeef9c683de654c28a245","timestamp":"2023-12-27T02:55:46.487Z"}
{"level":"info","message":"OPTIONS /api","timestamp":"2023-12-27T02:55:46.490Z"}
{"level":"info","message":"GET /api/testRun/create/5ffaeef9c683de654c28a245","timestamp":"2023-12-27T02:55:46.494Z"}
{"level":"info","message":"POST /api","timestamp":"2023-12-27T02:55:46.506Z"}
{"level":"info","message":"POST /api","timestamp":"2023-12-27T02:55:46.677Z"}
{"level":"info","message":"OPTIONS /api/testRun/658b9232464d7cdb07e69101","timestamp":"2023-12-27T02:55:46.682Z"}
{"level":"info","message":"GET /api/testRun/658b9232464d7cdb07e69101","timestamp":"2023-12-27T02:55:46.748Z"}
{"level":"info","message":"OPTIONS /api/submitOption","timestamp":"2023-12-27T02:55:48.926Z"}
{"level":"info","message":"POST /api/submitOption","timestamp":"2023-12-27T02:55:48.946Z"}
{"level":"info","message":"POST /api/submitOption","timestamp":"2023-12-27T02:55:50.405Z"}
{"level":"info","message":"POST /api/submitOption","timestamp":"2023-12-27T02:55:52.674Z"}
{"level":"info","message":"OPTIONS /api/testRun/finish/658b9232464d7cdb07e69101","timestamp":"2023-12-27T02:55:56.506Z"}
{"level":"info","message":"OPTIONS /api","timestamp":"2023-12-27T02:55:56.513Z"}
{"level":"info","message":"GET /api/testRun/finish/658b9232464d7cdb07e69101","timestamp":"2023-12-27T02:55:56.518Z"}
{"level":"info","message":"POST /api","timestamp":"2023-12-27T02:55:56.524Z"}
{"level":"info","message":"OPTIONS /api/login","timestamp":"2023-12-27T02:58:47.412Z"}
{"level":"info","message":"POST /api/login","timestamp":"2023-12-27T02:58:47.426Z"}
{"level":"info","message":"OPTIONS /api","timestamp":"2023-12-27T02:58:47.850Z"}
{"level":"info","message":"POST /api","timestamp":"2023-12-27T02:58:47.855Z"}
{"level":"info","message":"OPTIONS /api/user","timestamp":"2023-12-27T02:58:47.858Z"}
{"level":"info","message":"GET /api/user","timestamp":"2023-12-27T02:58:47.880Z"}
{"level":"info","message":"OPTIONS /api/sets","timestamp":"2023-12-27T02:58:47.906Z"}
{"level":"info","message":"GET /api/sets","timestamp":"2023-12-27T02:58:47.907Z"}
{"level":"info","message":"OPTIONS /api/testRun/finish/658b9232464d7cdb07e69101","timestamp":"2023-12-27T02:59:13.884Z"}
{"level":"info","message":"OPTIONS /api","timestamp":"2023-12-27T02:59:13.887Z"}
{"level":"info","message":"GET /api/testRun/finish/658b9232464d7cdb07e69101","timestamp":"2023-12-27T02:59:13.897Z"}
{"level":"info","message":"POST /api","timestamp":"2023-12-27T02:59:13.906Z"}
{"level":"info","message":"POST /api","timestamp":"2023-12-27T02:59:13.985Z"}
{"level":"info","message":"OPTIONS /api/testRun/result/658b9232464d7cdb07e69101","timestamp":"2023-12-27T02:59:13.987Z"}
{"level":"info","message":"GET /api/testRun/result/658b9232464d7cdb07e69101","timestamp":"2023-12-27T02:59:13.989Z"}
{"level":"info","message":"OPTIONS /api","timestamp":"2023-12-27T02:59:19.076Z"}
{"level":"info","message":"OPTIONS /api/user","timestamp":"2023-12-27T02:59:19.083Z"}
{"level":"info","message":"POST /api","timestamp":"2023-12-27T02:59:19.086Z"}
{"level":"info","message":"GET /api/user","timestamp":"2023-12-27T02:59:19.091Z"}
{"level":"info","message":"OPTIONS /api/sets","timestamp":"2023-12-27T02:59:19.100Z"}
{"level":"info","message":"GET /api/sets","timestamp":"2023-12-27T02:59:19.102Z"}
{"level":"info","message":"POST /api","timestamp":"2023-12-27T02:59:22.522Z"}
{"level":"info","message":"OPTIONS /api/learn/5ffaeef9c683de654c28a245","timestamp":"2023-12-27T02:59:22.537Z"}
{"level":"info","message":"GET /api/learn/5ffaeef9c683de654c28a245","timestamp":"2023-12-27T02:59:22.542Z"}
{"level":"info","message":"OPTIONS /api","timestamp":"2023-12-27T03:00:19.066Z"}
{"level":"info","message":"OPTIONS /api/learn/5ffaeef9c683de654c28a245","timestamp":"2023-12-27T03:00:19.077Z"}
{"level":"info","message":"POST /api","timestamp":"2023-12-27T03:00:19.078Z"}
{"level":"info","message":"GET /api/learn/5ffaeef9c683de654c28a245","timestamp":"2023-12-27T03:00:19.094Z"}
{"level":"info","message":"OPTIONS /api/learn/5ffaeef9c683de654c28a245","timestamp":"2023-12-27T03:02:20.815Z"}
{"level":"info","message":"OPTIONS /api","timestamp":"2023-12-27T03:02:20.823Z"}
{"level":"info","message":"GET /api/learn/5ffaeef9c683de654c28a245","timestamp":"2023-12-27T03:02:20.831Z"}
{"level":"info","message":"POST /api","timestamp":"2023-12-27T03:02:20.859Z"}
{"level":"info","message":"OPTIONS /api","timestamp":"2023-12-27T03:02:38.559Z"}
{"level":"info","message":"OPTIONS /api/user","timestamp":"2023-12-27T03:02:38.561Z"}
{"level":"info","message":"POST /api","timestamp":"2023-12-27T03:02:38.563Z"}
{"level":"info","message":"GET /api/user","timestamp":"2023-12-27T03:02:38.576Z"}
{"level":"info","message":"OPTIONS /api/sets","timestamp":"2023-12-27T03:02:38.599Z"}
{"level":"info","message":"GET /api/sets","timestamp":"2023-12-27T03:02:38.602Z"}
{"level":"info","message":"POST /api","timestamp":"2023-12-27T03:02:41.765Z"}
{"level":"info","message":"OPTIONS /api/stats/5ffaeef9c683de654c28a245","timestamp":"2023-12-27T03:02:41.779Z"}
{"level":"info","message":"GET /api/stats/5ffaeef9c683de654c28a245","timestamp":"2023-12-27T03:02:41.784Z"}
{"level":"info","message":"OPTIONS /api/user","timestamp":"2023-12-27T03:02:43.667Z"}
{"level":"info","message":"OPTIONS /api","timestamp":"2023-12-27T03:02:43.670Z"}
{"level":"info","message":"GET /api/user","timestamp":"2023-12-27T03:02:43.674Z"}
{"level":"info","message":"POST /api","timestamp":"2023-12-27T03:02:43.675Z"}
{"level":"info","message":"OPTIONS /api/sets","timestamp":"2023-12-27T03:02:43.735Z"}
{"level":"info","message":"GET /api/sets","timestamp":"2023-12-27T03:02:43.740Z"}
{"level":"info","message":"POST /api","timestamp":"2023-12-27T03:02:46.230Z"}
{"level":"info","message":"OPTIONS /api/stats/5ffaeef9c683de2a1c28a252","timestamp":"2023-12-27T03:02:46.240Z"}
{"level":"info","message":"GET /api/stats/5ffaeef9c683de2a1c28a252","timestamp":"2023-12-27T03:02:46.270Z"}
{"level":"info","message":"OPTIONS /api/user","timestamp":"2023-12-27T03:02:49.341Z"}
{"level":"info","message":"OPTIONS /api","timestamp":"2023-12-27T03:02:49.345Z"}
{"level":"info","message":"GET /api/user","timestamp":"2023-12-27T03:02:49.351Z"}
{"level":"info","message":"POST /api","timestamp":"2023-12-27T03:02:49.358Z"}
{"level":"info","message":"OPTIONS /api/sets","timestamp":"2023-12-27T03:02:49.366Z"}
{"level":"info","message":"GET /api/sets","timestamp":"2023-12-27T03:02:49.367Z"}
{"level":"info","message":"POST /api","timestamp":"2023-12-27T03:02:53.279Z"}
{"level":"info","message":"OPTIONS /api/testRun/create/5ffaeef9c683de654c28a245","timestamp":"2023-12-27T03:02:53.316Z"}
{"level":"info","message":"GET /api/testRun/create/5ffaeef9c683de654c28a245","timestamp":"2023-12-27T03:02:53.320Z"}
{"level":"info","message":"POST /api","timestamp":"2023-12-27T03:02:53.375Z"}
{"level":"info","message":"OPTIONS /api/testRun/658b93ddbec227ca6ca5f681","timestamp":"2023-12-27T03:02:53.376Z"}
{"level":"info","message":"GET /api/testRun/658b93ddbec227ca6ca5f681","timestamp":"2023-12-27T03:02:53.377Z"}
{"level":"info","message":"OPTIONS /api/submitOption","timestamp":"2023-12-27T03:02:55.100Z"}
{"level":"info","message":"POST /api/submitOption","timestamp":"2023-12-27T03:02:55.101Z"}
{"level":"info","message":"POST /api/submitOption","timestamp":"2023-12-27T03:02:55.551Z"}
{"level":"info","message":"POST /api/submitOption","timestamp":"2023-12-27T03:02:59.106Z"}
{"level":"info","message":"OPTIONS /api/testRun/finish/658b93ddbec227ca6ca5f681","timestamp":"2023-12-27T03:03:03.229Z"}
{"level":"info","message":"OPTIONS /api","timestamp":"2023-12-27T03:03:03.231Z"}
{"level":"info","message":"GET /api/testRun/finish/658b93ddbec227ca6ca5f681","timestamp":"2023-12-27T03:03:03.240Z"}
{"level":"info","message":"POST /api","timestamp":"2023-12-27T03:03:03.259Z"}
{"level":"info","message":"POST /api","timestamp":"2023-12-27T03:03:03.297Z"}
{"level":"info","message":"OPTIONS /api/testRun/result/658b93ddbec227ca6ca5f681","timestamp":"2023-12-27T03:03:03.299Z"}
{"level":"info","message":"GET /api/testRun/result/658b93ddbec227ca6ca5f681","timestamp":"2023-12-27T03:03:03.301Z"}
{"level":"info","message":"POST /api","timestamp":"2023-12-27T03:03:07.929Z"}
{"level":"info","message":"OPTIONS /api/user","timestamp":"2023-12-27T03:03:07.967Z"}
{"level":"info","message":"GET /api/user","timestamp":"2023-12-27T03:03:07.969Z"}
{"level":"info","message":"OPTIONS /api/sets","timestamp":"2023-12-27T03:03:07.978Z"}
{"level":"info","message":"GET /api/sets","timestamp":"2023-12-27T03:03:07.979Z"}
{"level":"info","message":"OPTIONS /api/testRun/create/5ffaeef9c683de654c28a245","timestamp":"2023-12-27T03:03:12.226Z"}
{"level":"info","message":"OPTIONS /api","timestamp":"2023-12-27T03:03:12.228Z"}
{"level":"info","message":"GET /api/testRun/create/5ffaeef9c683de654c28a245","timestamp":"2023-12-27T03:03:12.229Z"}
{"level":"info","message":"POST /api","timestamp":"2023-12-27T03:03:12.233Z"}
{"level":"info","message":"POST /api","timestamp":"2023-12-27T03:03:12.312Z"}
{"level":"info","message":"OPTIONS /api/testRun/658b93f0bec227ca6ca5f696","timestamp":"2023-12-27T03:03:12.315Z"}
{"level":"info","message":"GET /api/testRun/658b93f0bec227ca6ca5f696","timestamp":"2023-12-27T03:03:12.316Z"}
{"level":"info","message":"OPTIONS /api/submitOption","timestamp":"2023-12-27T03:03:14.476Z"}
{"level":"info","message":"POST /api/submitOption","timestamp":"2023-12-27T03:03:14.478Z"}
{"level":"info","message":"POST /api/submitOption","timestamp":"2023-12-27T03:03:16.387Z"}
{"level":"info","message":"POST /api/submitOption","timestamp":"2023-12-27T03:03:16.838Z"}
{"level":"info","message":"OPTIONS /api/testRun/finish/658b93f0bec227ca6ca5f696","timestamp":"2023-12-27T03:03:19.039Z"}
{"level":"info","message":"OPTIONS /api","timestamp":"2023-12-27T03:03:19.052Z"}
{"level":"info","message":"GET /api/testRun/finish/658b93f0bec227ca6ca5f696","timestamp":"2023-12-27T03:03:19.056Z"}
{"level":"info","message":"POST /api","timestamp":"2023-12-27T03:03:19.062Z"}
{"level":"info","message":"POST /api","timestamp":"2023-12-27T03:03:19.105Z"}
{"level":"info","message":"OPTIONS /api/testRun/result/658b93f0bec227ca6ca5f696","timestamp":"2023-12-27T03:03:19.106Z"}
{"level":"info","message":"GET /api/testRun/result/658b93f0bec227ca6ca5f696","timestamp":"2023-12-27T03:03:19.109Z"}
{"level":"info","message":"OPTIONS /api/user","timestamp":"2023-12-27T03:03:32.252Z"}
{"level":"info","message":"OPTIONS /api","timestamp":"2023-12-27T03:03:32.254Z"}
{"level":"info","message":"GET /api/user","timestamp":"2023-12-27T03:03:32.259Z"}
{"level":"info","message":"POST /api","timestamp":"2023-12-27T03:03:32.261Z"}
{"level":"info","message":"OPTIONS /api/sets","timestamp":"2023-12-27T03:03:32.297Z"}
{"level":"info","message":"GET /api/sets","timestamp":"2023-12-27T03:03:32.298Z"}
{"level":"info","message":"OPTIONS /api/testRun/create/5ffaeef9c683de654c28a245","timestamp":"2023-12-27T03:03:39.736Z"}
{"level":"info","message":"OPTIONS /api","timestamp":"2023-12-27T03:03:39.740Z"}
{"level":"info","message":"GET /api/testRun/create/5ffaeef9c683de654c28a245","timestamp":"2023-12-27T03:03:39.746Z"}
{"level":"info","message":"POST /api","timestamp":"2023-12-27T03:03:39.761Z"}
{"level":"info","message":"POST /api","timestamp":"2023-12-27T03:03:39.798Z"}
{"level":"info","message":"OPTIONS /api/testRun/658b940bbec227ca6ca5f6ab","timestamp":"2023-12-27T03:03:39.799Z"}
{"level":"info","message":"GET /api/testRun/658b940bbec227ca6ca5f6ab","timestamp":"2023-12-27T03:03:39.801Z"}
{"level":"info","message":"OPTIONS /api/submitOption","timestamp":"2023-12-27T03:03:41.240Z"}
{"level":"info","message":"POST /api/submitOption","timestamp":"2023-12-27T03:03:41.242Z"}
{"level":"info","message":"POST /api/submitOption","timestamp":"2023-12-27T03:03:41.936Z"}
{"level":"info","message":"POST /api/submitOption","timestamp":"2023-12-27T03:03:44.370Z"}
{"level":"info","message":"OPTIONS /api/testRun/finish/658b940bbec227ca6ca5f6ab","timestamp":"2023-12-27T03:03:46.635Z"}
{"level":"info","message":"OPTIONS /api","timestamp":"2023-12-27T03:03:46.637Z"}
{"level":"info","message":"GET /api/testRun/finish/658b940bbec227ca6ca5f6ab","timestamp":"2023-12-27T03:03:46.688Z"}
{"level":"info","message":"POST /api","timestamp":"2023-12-27T03:03:46.692Z"}
{"level":"info","message":"POST /api","timestamp":"2023-12-27T03:03:46.719Z"}
{"level":"info","message":"OPTIONS /api/testRun/result/658b940bbec227ca6ca5f6ab","timestamp":"2023-12-27T03:03:46.720Z"}
{"level":"info","message":"GET /api/testRun/result/658b940bbec227ca6ca5f6ab","timestamp":"2023-12-27T03:03:46.722Z"}
{"level":"info","message":"OPTIONS /api/user","timestamp":"2023-12-27T03:03:52.210Z"}
{"level":"info","message":"OPTIONS /api","timestamp":"2023-12-27T03:03:52.212Z"}
{"level":"info","message":"GET /api/user","timestamp":"2023-12-27T03:03:52.216Z"}
{"level":"info","message":"POST /api","timestamp":"2023-12-27T03:03:52.226Z"}
{"level":"info","message":"OPTIONS /api/sets","timestamp":"2023-12-27T03:03:52.253Z"}
{"level":"info","message":"GET /api/sets","timestamp":"2023-12-27T03:03:52.254Z"}
{"level":"info","message":"POST /api","timestamp":"2023-12-27T03:03:56.401Z"}
{"level":"info","message":"OPTIONS /api/testRun/create/5ffaeef9c683de654c28a245","timestamp":"2023-12-27T03:03:56.406Z"}
{"level":"info","message":"GET /api/testRun/create/5ffaeef9c683de654c28a245","timestamp":"2023-12-27T03:03:56.411Z"}
{"level":"info","message":"POST /api","timestamp":"2023-12-27T03:03:56.454Z"}
{"level":"info","message":"OPTIONS /api/testRun/658b941cbec227ca6ca5f6c0","timestamp":"2023-12-27T03:03:56.456Z"}
{"level":"info","message":"GET /api/testRun/658b941cbec227ca6ca5f6c0","timestamp":"2023-12-27T03:03:56.457Z"}
{"level":"info","message":"OPTIONS /api/submitOption","timestamp":"2023-12-27T03:03:58.182Z"}
{"level":"info","message":"POST /api/submitOption","timestamp":"2023-12-27T03:03:58.183Z"}
{"level":"info","message":"POST /api/submitOption","timestamp":"2023-12-27T03:03:59.851Z"}
{"level":"info","message":"POST /api/submitOption","timestamp":"2023-12-27T03:04:00.432Z"}
{"level":"info","message":"OPTIONS /api/testRun/finish/658b941cbec227ca6ca5f6c0","timestamp":"2023-12-27T03:04:03.719Z"}
{"level":"info","message":"OPTIONS /api","timestamp":"2023-12-27T03:04:03.722Z"}
{"level":"info","message":"GET /api/testRun/finish/658b941cbec227ca6ca5f6c0","timestamp":"2023-12-27T03:04:03.723Z"}
{"level":"info","message":"POST /api","timestamp":"2023-12-27T03:04:03.726Z"}
{"level":"info","message":"POST /api","timestamp":"2023-12-27T03:04:03.763Z"}
{"level":"info","message":"OPTIONS /api/testRun/result/658b941cbec227ca6ca5f6c0","timestamp":"2023-12-27T03:04:03.764Z"}
{"level":"info","message":"GET /api/testRun/result/658b941cbec227ca6ca5f6c0","timestamp":"2023-12-27T03:04:03.766Z"}
{"level":"info","message":"OPTIONS /api/user","timestamp":"2023-12-27T03:04:33.968Z"}
{"level":"info","message":"OPTIONS /api","timestamp":"2023-12-27T03:04:33.971Z"}
{"level":"info","message":"GET /api/user","timestamp":"2023-12-27T03:04:33.972Z"}
{"level":"info","message":"POST /api","timestamp":"2023-12-27T03:04:33.973Z"}
{"level":"info","message":"OPTIONS /api/sets","timestamp":"2023-12-27T03:04:34.017Z"}
{"level":"info","message":"GET /api/sets","timestamp":"2023-12-27T03:04:34.022Z"}
{"level":"info","message":"POST /api","timestamp":"2023-12-27T03:04:37.313Z"}
{"level":"info","message":"OPTIONS /api/testRun/create/5ffaeef9c683de654c28a245","timestamp":"2023-12-27T03:04:37.320Z"}
{"level":"info","message":"GET /api/testRun/create/5ffaeef9c683de654c28a245","timestamp":"2023-12-27T03:04:37.324Z"}
{"level":"info","message":"POST /api","timestamp":"2023-12-27T03:04:37.427Z"}
{"level":"info","message":"OPTIONS /api/testRun/658b9445bec227ca6ca5f6d5","timestamp":"2023-12-27T03:04:37.429Z"}
{"level":"info","message":"GET /api/testRun/658b9445bec227ca6ca5f6d5","timestamp":"2023-12-27T03:04:37.431Z"}
{"level":"info","message":"OPTIONS /api/submitOption","timestamp":"2023-12-27T03:04:38.637Z"}
{"level":"info","message":"POST /api/submitOption","timestamp":"2023-12-27T03:04:38.638Z"}
{"level":"info","message":"POST /api/submitOption","timestamp":"2023-12-27T03:04:40.390Z"}
{"level":"info","message":"POST /api/submitOption","timestamp":"2023-12-27T03:04:40.953Z"}
{"level":"info","message":"OPTIONS /api/submitOption","timestamp":"2023-12-27T03:05:21.239Z"}
{"level":"info","message":"POST /api/submitOption","timestamp":"2023-12-27T03:05:21.242Z"}
{"level":"info","message":"POST /api/submitOption","timestamp":"2023-12-27T03:05:22.989Z"}
{"level":"info","message":"OPTIONS /api/testRun/finish/658b9445bec227ca6ca5f6d5","timestamp":"2023-12-27T03:05:26.642Z"}
{"level":"info","message":"OPTIONS /api","timestamp":"2023-12-27T03:05:26.645Z"}
{"level":"info","message":"GET /api/testRun/finish/658b9445bec227ca6ca5f6d5","timestamp":"2023-12-27T03:05:26.647Z"}
{"level":"info","message":"POST /api","timestamp":"2023-12-27T03:05:26.657Z"}
{"level":"info","message":"POST /api","timestamp":"2023-12-27T03:05:26.702Z"}
{"level":"info","message":"OPTIONS /api/testRun/result/658b9445bec227ca6ca5f6d5","timestamp":"2023-12-27T03:05:26.703Z"}
{"level":"info","message":"GET /api/testRun/result/658b9445bec227ca6ca5f6d5","timestamp":"2023-12-27T03:05:26.712Z"}
{"level":"info","message":"OPTIONS /api/user","timestamp":"2023-12-27T03:06:48.465Z"}
{"level":"info","message":"OPTIONS /api","timestamp":"2023-12-27T03:06:48.467Z"}
{"level":"info","message":"GET /api/user","timestamp":"2023-12-27T03:06:48.469Z"}
{"level":"info","message":"POST /api","timestamp":"2023-12-27T03:06:48.492Z"}
{"level":"info","message":"OPTIONS /api/sets","timestamp":"2023-12-27T03:06:48.518Z"}
{"level":"info","message":"GET /api/sets","timestamp":"2023-12-27T03:06:48.520Z"}
{"level":"info","message":"OPTIONS /api/testRun/create/5ffaeef9c683de654c28a245","timestamp":"2023-12-27T03:07:02.511Z"}
{"level":"info","message":"OPTIONS /api","timestamp":"2023-12-27T03:07:02.514Z"}
{"level":"info","message":"GET /api/testRun/create/5ffaeef9c683de654c28a245","timestamp":"2023-12-27T03:07:02.531Z"}
{"level":"info","message":"POST /api","timestamp":"2023-12-27T03:07:02.552Z"}
{"level":"info","message":"POST /api","timestamp":"2023-12-27T03:07:02.605Z"}
{"level":"info","message":"OPTIONS /api/testRun/658b94d6bec227ca6ca5f6ee","timestamp":"2023-12-27T03:07:02.608Z"}
{"level":"info","message":"GET /api/testRun/658b94d6bec227ca6ca5f6ee","timestamp":"2023-12-27T03:07:02.611Z"}
{"level":"info","message":"OPTIONS /api/submitOption","timestamp":"2023-12-27T03:07:04.384Z"}
{"level":"info","message":"POST /api/submitOption","timestamp":"2023-12-27T03:07:04.387Z"}
{"level":"info","message":"POST /api/submitOption","timestamp":"2023-12-27T03:07:06.654Z"}
{"level":"info","message":"POST /api/submitOption","timestamp":"2023-12-27T03:07:07.273Z"}
{"level":"info","message":"POST /api/submitOption","timestamp":"2023-12-27T03:07:08.727Z"}
{"level":"info","message":"OPTIONS /api/submitOption","timestamp":"2023-12-27T03:07:10.510Z"}
{"level":"info","message":"POST /api/submitOption","timestamp":"2023-12-27T03:07:10.511Z"}
{"level":"info","message":"POST /api/submitOption","timestamp":"2023-12-27T03:07:12.072Z"}
{"level":"info","message":"POST /api/submitOption","timestamp":"2023-12-27T03:07:12.751Z"}
{"level":"info","message":"POST /api/submitOption","timestamp":"2023-12-27T03:07:13.327Z"}
{"level":"info","message":"POST /api/submitOption","timestamp":"2023-12-27T03:07:13.925Z"}
{"level":"info","message":"OPTIONS /api/submitOption","timestamp":"2023-12-27T03:07:24.380Z"}
{"level":"info","message":"POST /api/submitOption","timestamp":"2023-12-27T03:07:24.383Z"}
{"level":"info","message":"POST /api/submitOption","timestamp":"2023-12-27T03:07:25.075Z"}
{"level":"info","message":"OPTIONS /api/testRun/finish/658b94d6bec227ca6ca5f6ee","timestamp":"2023-12-27T03:07:27.690Z"}
{"level":"info","message":"OPTIONS /api","timestamp":"2023-12-27T03:07:27.691Z"}
{"level":"info","message":"GET /api/testRun/finish/658b94d6bec227ca6ca5f6ee","timestamp":"2023-12-27T03:07:27.692Z"}
{"level":"info","message":"POST /api","timestamp":"2023-12-27T03:07:27.696Z"}
{"level":"info","message":"POST /api","timestamp":"2023-12-27T03:07:27.735Z"}
{"level":"info","message":"OPTIONS /api/testRun/result/658b94d6bec227ca6ca5f6ee","timestamp":"2023-12-27T03:07:27.737Z"}
{"level":"info","message":"GET /api/testRun/result/658b94d6bec227ca6ca5f6ee","timestamp":"2023-12-27T03:07:27.740Z"}
{"level":"info","message":"OPTIONS /api/user","timestamp":"2023-12-27T03:07:33.317Z"}
{"level":"info","message":"OPTIONS /api","timestamp":"2023-12-27T03:07:33.320Z"}
{"level":"info","message":"GET /api/user","timestamp":"2023-12-27T03:07:33.321Z"}
{"level":"info","message":"POST /api","timestamp":"2023-12-27T03:07:33.327Z"}
{"level":"info","message":"OPTIONS /api/sets","timestamp":"2023-12-27T03:07:33.363Z"}
{"level":"info","message":"GET /api/sets","timestamp":"2023-12-27T03:07:33.364Z"}
{"level":"info","message":"OPTIONS /api","timestamp":"2023-12-27T03:07:44.417Z"}
{"level":"info","message":"OPTIONS /api/sets/6585e2d8006d1bd2a9637749","timestamp":"2023-12-27T03:07:44.423Z"}
{"level":"info","message":"POST /api","timestamp":"2023-12-27T03:07:44.425Z"}
{"level":"info","message":"GET /api/sets/6585e2d8006d1bd2a9637749","timestamp":"2023-12-27T03:07:44.450Z"}
{"level":"info","message":"OPTIONS /api/sets/add","timestamp":"2023-12-27T03:07:50.333Z"}
{"level":"info","message":"PUT /api/sets/add","timestamp":"2023-12-27T03:07:50.343Z"}
{"level":"info","message":"OPTIONS /api/user","timestamp":"2023-12-27T03:07:50.433Z"}
{"level":"info","message":"OPTIONS /api","timestamp":"2023-12-27T03:07:50.434Z"}
{"level":"info","message":"GET /api/user","timestamp":"2023-12-27T03:07:50.449Z"}
{"level":"info","message":"POST /api","timestamp":"2023-12-27T03:07:50.453Z"}
{"level":"info","message":"OPTIONS /api/sets","timestamp":"2023-12-27T03:07:50.474Z"}
{"level":"info","message":"GET /api/sets","timestamp":"2023-12-27T03:07:50.476Z"}
